# file: C:\Users\ilyad\AppData\Local\Packages\PythonSoftwareFoundation.Python.3.13_qbz5n2kfra8p0\LocalCache\local-packages\Python313\site-packages\_pytest\terminal.py
# hypothesis_version: 6.148.7

[1e-05, 0.0001, 0.001, 0.01, 0.1, 0.5, 100, 3600, '\x1b[0m', '\x1b]9;4;0;\x1b\\', '\x1b]9;4;2;\x1b\\', '\x1b]9;4;3;\x1b\\', '\x1b]9;4;4;\x1b\\', ' ({})', ' - ', ' - {}', ' -- ', ' 99h 59m', ' <- ', ' [100%]', ' item', '!', '%d %s', '%d %s collected', ', ', '-', '--code-highlight', '--color', '--disable-warnings', '--full-trace', '--fulltrace', '--no-fold-skipped', '--no-header', '--no-showlocals', '--no-summary', '--quiet', '--show-capture', '--showlocals', '--tb', '--verbose', '--verbosity', '--xfail-tb', '-l', '-q', '-r', '-v', '.', '...', '::', '=', 'A', 'Decrease verbosity', 'Disable header', 'Disable summary', 'E', 'ERROR collecting ', 'ERRORS', 'F', 'FAILURES', 'INTERNALERROR> ', 'Increase verbosity', 'KeyboardInterrupt', 'N', 'P', 'PASSES', 'PpsxXEf', 'Reporting', 'S', 'Skipped', 'Skipped: ', 'X', 'XFAILURES', 'XPASSES', '[', '[location]', '[traceconfig] ', '\\', '_', '_pdbshown', 'a', 'all', 'auto', 'bold', 'call', 'capture', 'chars', 'collect', 'collected ', 'collecting ', 'collecting ... ', 'collection failures', 'collectonly', 'color', 'configfile: ', 'console_output_style', 'count', 'deselected', 'disable_warnings', 'erase', 'error', 'f', 'fE', 'failed', 'fold_skipped', 'force_short_summary', 'general', 'green', 'indeterminate', 'keywords', 'line', 'log', 'long', 'native', 'no', 'no tests collected', 'no tests ran', 'no_header', 'no_summary', 'node', 'normal', 'obj', 'p', 'passed', 'pastebin', 'paused', 'plugins: {}', 'progress', 'pypy_version_info', 'pytest-', 'pytest:config', 'pytestmark', 'quiet', 'reason: ', 'red', 'remove', 'replace', 'reportchars', 's', 'setup', 'setupshow', 'short', 'showcapture', 'showlocals', 'skip', 'skipped', 'stderr', 'stdout', 'store', 'store_false', 'store_true', 'style', 'subtests failed', 'subtests passed', 'subtests skipped', 'sxXEf', 'tbstyle', 'teardown', 'terminal reporting', 'terminalprogress', 'terminalreporter', 'test', 'test session', 'test session starts', 'testpaths', 'testpaths: {}', 'times', 'verbose', 'w', 'warning', 'warnings', 'warnings summary', 'wasxfail', 'win32', 'x', 'xfail_tb', 'xfailed', 'xpassed', 'yellow', 'yes', '{}: {} warning{}', '{}{}']